Downloading cmake...
  % Total    % Received % Xferd  Average Speed   Time    Time     Time  Current
                                 Dload  Upload   Total   Spent    Left  Speed
  0     0    0     0    0     0      0      0 --:--:-- --:--:-- --:--:--     0  0     0    0     0    0     0      0      0 --:--:-- --:--:-- --:--:--     0
  1 41.5M    1  815k    0     0  1574k      0  0:00:27 --:--:--  0:00:27 1574k 73 41.5M   73 30.4M    0     0  20.1M      0  0:00:02  0:00:01  0:00:01 29.7M100 41.5M  100 41.5M    0     0  21.7M      0  0:00:01  0:00:01 --:--:-- 29.3M
Downloading cmake... done.
Extracting cmake...
Extracting cmake... done.
Downloading ninja...
  % Total    % Received % Xferd  Average Speed   Time    Time     Time  Current
                                 Dload  Upload   Total   Spent    Left  Speed
  0     0    0     0    0     0      0      0 --:--:-- --:--:-- --:--:--     0  0     0    0     0    0     0      0      0 --:--:-- --:--:-- --:--:--     0
100 99913  100 99913    0     0   222k      0 --:--:-- --:--:-- --:--:--  222k
Downloading ninja... done.
Extracting ninja...
Extracting ninja... done.
Downloading vcpkg tool sources
  % Total    % Received % Xferd  Average Speed   Time    Time     Time  Current
                                 Dload  Upload   Total   Spent    Left  Speed
  0     0    0     0    0     0      0      0 --:--:-- --:--:-- --:--:--     0  0     0    0     0    0     0      0      0 --:--:-- --:--:-- --:--:--     0
  0     0    0     0    0     0      0      0 --:--:-- --:--:-- --:--:--     0100  494k    0  494k    0     0   888k      0 --:--:-- --:--:-- --:--:-- 1923k
Building vcpkg-tool...
-- The CXX compiler identification is GNU 11.2.0
-- Detecting CXX compiler ABI info
-- Detecting CXX compiler ABI info - done
-- Check for working CXX compiler: /usr/bin/c++ - skipped
-- Detecting CXX compile features
-- Detecting CXX compile features - done
-- Detecting the C++ compiler in use
-- Detecting the C++ compiler in use - gcc
-- Detecting the C++ standard library
-- Detecting the C++ standard library - libstdc++
-- Detecting how to use the C++ filesystem library
-- Detecting how to use the C++ filesystem library - <filesystem>
-- Looking for C++ include pthread.h
-- Looking for C++ include pthread.h - found
-- Performing Test CMAKE_HAVE_LIBC_PTHREAD
-- Performing Test CMAKE_HAVE_LIBC_PTHREAD - Success
-- Found Threads: TRUE  
-- Configuring done
-- Generating done
-- Build files have been written to: /home/cosa/git/Octopuzzler/build/_deps/vcpkg-src/buildtrees/_vcpkg/build
[0/2] Re-checking globbed directories...
[1/91] Building CXX object CMakeFiles/vcpkglib.dir/src/vcpkg/base/enums.cpp.o
[2/91] Building CXX object CMakeFiles/vcpkglib.dir/src/vcpkg/base/cofffilereader.cpp.o
[3/91] Building CXX object CMakeFiles/vcpkglib.dir/src/vcpkg/base/chrono.cpp.o
[4/91] Building CXX object CMakeFiles/vcpkglib.dir/src/vcpkg/base/checks.cpp.o
[5/91] Building CXX object CMakeFiles/vcpkglib.dir/src/vcpkg/base/downloads.cpp.o
[6/91] Building CXX object CMakeFiles/vcpkg.dir/src/vcpkg.cpp.o
[7/91] Building CXX object CMakeFiles/vcpkglib.dir/src/vcpkg/base/machinetype.cpp.o
[8/91] Building CXX object CMakeFiles/vcpkglib.dir/src/vcpkg/base/parse.cpp.o
[9/91] Building CXX object CMakeFiles/vcpkglib.dir/src/vcpkg/base/stringview.cpp.o
[10/91] Building CXX object CMakeFiles/vcpkglib.dir/src/vcpkg/base/strings.cpp.o
[11/91] Building CXX object CMakeFiles/vcpkglib.dir/src/vcpkg/base/hash.cpp.o
[12/91] Building CXX object CMakeFiles/vcpkglib.dir/src/vcpkg/base/system.cpp.o
[13/91] Building CXX object CMakeFiles/vcpkglib.dir/src/vcpkg/base/system.print.cpp.o
[14/91] Building CXX object CMakeFiles/vcpkglib.dir/src/vcpkg/base/uint128.cpp.o
[15/91] Building CXX object CMakeFiles/vcpkglib.dir/src/vcpkg/base/system.proxy.cpp.o
[16/91] Building CXX object CMakeFiles/vcpkglib.dir/src/vcpkg/base/system.process.cpp.o
[17/91] Building CXX object CMakeFiles/vcpkglib.dir/src/vcpkg/base/unicode.cpp.o
[18/91] Building CXX object CMakeFiles/vcpkglib.dir/src/vcpkg/base/xmlserializer.cpp.o
[19/91] Building CXX object CMakeFiles/vcpkglib.dir/src/vcpkg/archives.cpp.o
[20/91] Building CXX object CMakeFiles/vcpkglib.dir/src/vcpkg/buildenvironment.cpp.o
[21/91] Building CXX object CMakeFiles/vcpkglib.dir/src/vcpkg/base/files.cpp.o
[22/91] Building CXX object CMakeFiles/vcpkglib.dir/src/vcpkg/binaryparagraph.cpp.o
[23/91] Building CXX object CMakeFiles/vcpkglib.dir/src/vcpkg/commands.buildexternal.cpp.o
[24/91] Building CXX object CMakeFiles/vcpkglib.dir/src/vcpkg/cmakevars.cpp.o
[25/91] Building CXX object CMakeFiles/vcpkglib.dir/src/vcpkg/commands.add-version.cpp.o
[26/91] Building CXX object CMakeFiles/vcpkglib.dir/src/vcpkg/base/json.cpp.o
[27/91] Building CXX object CMakeFiles/vcpkglib.dir/src/vcpkg/commands.ciclean.cpp.o
[28/91] Building CXX object CMakeFiles/vcpkglib.dir/src/vcpkg/commands.cache.cpp.o
[29/91] Building CXX object CMakeFiles/vcpkglib.dir/src/vcpkg/commands.contact.cpp.o
[30/91] Building CXX object CMakeFiles/vcpkglib.dir/src/vcpkg/commands.check-support.cpp.o
[31/91] Building CXX object CMakeFiles/vcpkglib.dir/src/vcpkg/build.cpp.o
[32/91] Building CXX object CMakeFiles/vcpkglib.dir/src/vcpkg/commands.create.cpp.o
[33/91] Building CXX object CMakeFiles/vcpkglib.dir/src/vcpkg/commands.cpp.o
[34/91] Building CXX object CMakeFiles/vcpkglib.dir/src/vcpkg/commands.civerifyversions.cpp.o
[35/91] Building CXX object CMakeFiles/vcpkglib.dir/src/vcpkg/commands.autocomplete.cpp.o
[36/91] Building CXX object CMakeFiles/vcpkglib.dir/src/vcpkg/commands.fetch.cpp.o
[37/91] Building CXX object CMakeFiles/vcpkglib.dir/src/vcpkg/commands.ci.cpp.o
[38/91] Building CXX object CMakeFiles/vcpkglib.dir/src/vcpkg/commands.env.cpp.o
[39/91] Building CXX object CMakeFiles/vcpkglib.dir/src/vcpkg/binarycaching.cpp.o
[40/91] Building CXX object CMakeFiles/vcpkglib.dir/src/vcpkg/commands.hash.cpp.o
[41/91] Building CXX object CMakeFiles/vcpkglib.dir/src/vcpkg/commands.edit.cpp.o
[42/91] Building CXX object CMakeFiles/vcpkglib.dir/src/vcpkg/commands.format-manifest.cpp.o
[43/91] Building CXX object CMakeFiles/vcpkglib.dir/src/vcpkg/commands.owns.cpp.o
[44/91] Building CXX object CMakeFiles/vcpkglib.dir/src/vcpkg/commands.info.cpp.o
[45/91] Building CXX object CMakeFiles/vcpkglib.dir/src/vcpkg/commands.list.cpp.o
[46/91] Building CXX object CMakeFiles/vcpkglib.dir/src/vcpkg/commands.dependinfo.cpp.o
[47/91] Building CXX object CMakeFiles/vcpkglib.dir/src/vcpkg/commands.portsdiff.cpp.o
[48/91] Building CXX object CMakeFiles/vcpkglib.dir/src/vcpkg/commands.porthistory.cpp.o
[49/91] Building CXX object CMakeFiles/vcpkglib.dir/src/vcpkg/commands.upload-metrics.cpp.o
[50/91] Building CXX object CMakeFiles/vcpkglib.dir/src/vcpkg/commands.search.cpp.o
[51/91] Building CXX object CMakeFiles/vcpkglib.dir/src/vcpkg/commands.version.cpp.o
[52/91] Building CXX object CMakeFiles/vcpkglib.dir/src/vcpkg/commands.xdownload.cpp.o
[53/91] Building CXX object CMakeFiles/vcpkglib.dir/src/vcpkg/commands.xvsinstances.cpp.o
[54/91] Building CXX object CMakeFiles/vcpkglib.dir/src/vcpkg/commands.upgrade.cpp.o
[55/91] Building CXX object CMakeFiles/vcpkglib.dir/src/vcpkg/commands.setinstalled.cpp.o
[56/91] Building CXX object CMakeFiles/vcpkglib.dir/src/vcpkg/configuration.cpp.o
[57/91] Building CXX object CMakeFiles/vcpkglib.dir/src/vcpkg/commands.integrate.cpp.o
[58/91] Building CXX object CMakeFiles/vcpkglib.dir/src/vcpkg/export.chocolatey.cpp.o
[59/91] Building CXX object CMakeFiles/vcpkglib.dir/src/vcpkg/globalstate.cpp.o
[60/91] Building CXX object CMakeFiles/vcpkglib.dir/src/vcpkg/input.cpp.o
[61/91] Building CXX object CMakeFiles/vcpkglib.dir/src/vcpkg/help.cpp.o
[62/91] Building CXX object CMakeFiles/vcpkglib.dir/src/vcpkg/export.cpp.o
[63/91] Building CXX object CMakeFiles/vcpkglib.dir/src/vcpkg/metrics.cpp.o
[64/91] Building CXX object CMakeFiles/vcpkglib.dir/src/vcpkg/packagespec.cpp.o
[65/91] Building CXX object CMakeFiles/vcpkglib.dir/src/vcpkg/platform-expression.cpp.o
[66/91] Building CXX object CMakeFiles/vcpkglib.dir/src/vcpkg/export.ifw.cpp.o
[67/91] Building CXX object CMakeFiles/vcpkglib.dir/src/vcpkg/paragraphs.cpp.o
[68/91] Building CXX object CMakeFiles/vcpkglib.dir/src/vcpkg/portfileprovider.cpp.o
[69/91] Building CXX object CMakeFiles/vcpkglib.dir/src/vcpkg/dependencies.cpp.o
[70/91] Building CXX object CMakeFiles/vcpkglib.dir/src/vcpkg/postbuildlint.buildtype.cpp.o
[71/91] Building CXX object CMakeFiles/vcpkglib.dir/src/vcpkg/export.prefab.cpp.o
[72/91] Building CXX object CMakeFiles/vcpkglib.dir/src/vcpkg/remove.cpp.o
[73/91] Building CXX object CMakeFiles/vcpkglib.dir/src/vcpkg/statusparagraph.cpp.o
[74/91] Building CXX object CMakeFiles/vcpkglib.dir/src/vcpkg/triplet.cpp.o
[75/91] Building CXX object CMakeFiles/vcpkglib.dir/src/vcpkg/statusparagraphs.cpp.o
[76/91] Building CXX object CMakeFiles/vcpkglib.dir/src/vcpkg/registries.cpp.o
[77/91] Building CXX object CMakeFiles/vcpkglib.dir/src/vcpkg/install.cpp.o
[78/91] Building CXX object CMakeFiles/vcpkglib.dir/src/vcpkg/sourceparagraph.cpp.o
[79/91] Building CXX object CMakeFiles/vcpkglib.dir/src/vcpkg/update.cpp.o
[80/91] Building CXX object CMakeFiles/vcpkglib.dir/src/vcpkg/userconfig.cpp.o
[81/91] Building CXX object CMakeFiles/vcpkglib.dir/src/vcpkg/postbuildlint.cpp.o
[82/91] Building CXX object CMakeFiles/vcpkglib.dir/src/vcpkg/versiont.cpp.o
[83/91] Building CXX object CMakeFiles/vcpkglib.dir/src/vcpkg/versiondeserializers.cpp.o
[84/91] Building CXX object CMakeFiles/vcpkglib.dir/src/vcpkg/visualstudio.cpp.o
[85/91] Building CXX object CMakeFiles/vcpkglib.dir/src/vcpkg/vcpkgcmdarguments.cpp.o
[86/91] Building CXX object CMakeFiles/vcpkglib.dir/src/vcpkg/tools.cpp.o
[87/91] Building CXX object CMakeFiles/vcpkglib.dir/src/vcpkg/vcpkgpaths.cpp.o
[88/91] Building CXX object CMakeFiles/vcpkglib.dir/src/vcpkg/versions.cpp.o
[89/91] Building CXX object CMakeFiles/vcpkglib.dir/src/vcpkg/vcpkglib.cpp.o
[90/91] Linking CXX static library libvcpkglib.a
[91/91] Linking CXX executable vcpkg
Telemetry
---------
vcpkg collects usage data in order to help us improve your experience.
The data collected by Microsoft is anonymous.
You can opt-out of telemetry by re-running the bootstrap-vcpkg script with -disableMetrics,
passing --disable-metrics to vcpkg on the command line,
or by setting the VCPKG_DISABLE_METRICS environment variable.

Read more about vcpkg telemetry at docs/about/privacy.md
